Arguments: 
  /usr/bin/node /usr/share/yarn/bin/yarn.js build

PATH: 
  /home/matheus/.rbenv/plugins/ruby-build/bin:/home/matheus/.rbenv/shims:/home/matheus/.rbenv/bin:/usr/local/sbin:/usr/local/bin:/usr/sbin:/usr/bin:/sbin:/bin:/usr/games:/usr/local/games:/snap/bin

Yarn version: 
  1.15.2

Node version: 
  10.15.3

Platform: 
  linux x64

Trace: 
  SyntaxError: /var/www/html/web-dev/reactDocker/package.json: Unexpected end of JSON input
      at JSON.parse (<anonymous>)
      at /usr/share/yarn/lib/cli.js:1625:59
      at Generator.next (<anonymous>)
      at step (/usr/share/yarn/lib/cli.js:304:30)
      at /usr/share/yarn/lib/cli.js:315:13

npm manifest: 
  

yarn manifest: 
  No manifest

Lockfile: 
  No lockfile
